<?xml version="1.0" encoding="UTF-8"?>
<testsuite xmlns:xsi="http://www.w3.org/2001/XMLSchema-instance" xsi:noNamespaceSchemaLocation="https://maven.apache.org/surefire/maven-surefire-plugin/xsd/surefire-test-report-3.0.xsd" version="3.0" name="TestSuite" time="0.512" tests="4" errors="0" skipped="0" failures="0">
  <properties>
[...]
</properties>
  <testcase name="createOrg" classname="com.org.OrgTest" time="0.005">
    <system-out><![CDATA[Org Create.
]]></system-out>
    <system-err><![CDATA[SLF4J: Failed to load class "org.slf4j.impl.StaticLoggerBinder".
SLF4J: Defaulting to no-operation (NOP) logger implementation
SLF4J: See http://www.slf4j.org/codes.html#StaticLoggerBinder for further details.
]]></system-err>
  </testcase>
  <testcase name="modifyOrg" classname="com.org.OrgTest" time="0.001">
    <system-out><![CDATA[Modify Org.
]]></system-out>
  </testcase>
  <testcase name="createContact" classname="ContactTest" time="0.003">
    <system-out><![CDATA[https://www.google.co.in
chrome
Contact create.
]]></system-out>
  </testcase>
  <testcase name="modifyContact" classname="ContactTest" time="0.001">
    <system-out><![CDATA[Modify Contact.
]]></system-out>
  </testcase>
</testsuite>