<?xml version="1.0" encoding="UTF-8"?>
<testng-results ignored="0" total="4" passed="4" failed="0" skipped="0">
  <reporter-output>
  </reporter-output>
  <suite started-at="2024-07-17T13:07:49 IST" name="Surefire suite" finished-at="2024-07-17T13:07:49 IST" duration-ms="47">
    <groups>
    </groups>
    <test started-at="2024-07-17T13:07:49 IST" name="Surefire test" finished-at="2024-07-17T13:07:49 IST" duration-ms="47">
      <class name="com.org.OrgTest">
        <test-method signature="createOrg()[pri:0, instance:com.org.OrgTest@5a955565]" started-at="2024-07-17T13:07:49 IST" name="createOrg" finished-at="2024-07-17T13:07:49 IST" duration-ms="5" status="PASS">
          <reporter-output>
          </reporter-output>
        </test-method> <!-- createOrg -->
        <test-method signature="modifyOrg()[pri:0, instance:com.org.OrgTest@5a955565]" started-at="2024-07-17T13:07:49 IST" name="modifyOrg" finished-at="2024-07-17T13:07:49 IST" duration-ms="0" status="PASS">
          <reporter-output>
          </reporter-output>
        </test-method> <!-- modifyOrg -->
      </class> <!-- com.org.OrgTest -->
      <class name="ContactTest">
        <test-method signature="createContact()[pri:0, instance:ContactTest@7d3a22a9]" started-at="2024-07-17T13:07:49 IST" name="createContact" finished-at="2024-07-17T13:07:49 IST" duration-ms="1" status="PASS">
          <reporter-output>
          </reporter-output>
        </test-method> <!-- createContact -->
        <test-method signature="modifyContact()[pri:0, instance:ContactTest@7d3a22a9]" started-at="2024-07-17T13:07:49 IST" name="modifyContact" finished-at="2024-07-17T13:07:49 IST" duration-ms="0" status="PASS">
          <reporter-output>
          </reporter-output>
        </test-method> <!-- modifyContact -->
      </class> <!-- ContactTest -->
    </test> <!-- Surefire test -->
  </suite> <!-- Surefire suite -->
</testng-results>
