<?xml version="1.0" encoding="UTF-8"?>
<testng-results ignored="0" total="2" passed="2" failed="0" skipped="0">
  <reporter-output>
  </reporter-output>
  <suite started-at="2024-07-17T14:42:09 IST" name="Suite" finished-at="2024-07-17T14:42:09 IST" duration-ms="142">
    <groups>
      <group name="Smoke">
        <method signature="ContactTest.createContact()[pri:0, instance:com.contact.ContactTest@47e2e487]" name="createContact" class="com.contact.ContactTest"/>
        <method signature="OrgTest.createOrg()[pri:0, instance:com.org.OrgTest@13fd2ccd]" name="createOrg" class="com.org.OrgTest"/>
      </group> <!-- Smoke -->
    </groups>
    <test started-at="2024-07-17T14:42:09 IST" name="Test" finished-at="2024-07-17T14:42:09 IST" duration-ms="142">
      <class name="com.org.OrgTest">
        <test-method signature="createOrg()[pri:0, instance:com.org.OrgTest@13fd2ccd]" started-at="2024-07-17T14:42:09 IST" name="createOrg" finished-at="2024-07-17T14:42:09 IST" duration-ms="3" status="PASS">
          <reporter-output>
          </reporter-output>
        </test-method> <!-- createOrg -->
      </class> <!-- com.org.OrgTest -->
      <class name="com.contact.ContactTest">
        <test-method signature="createContact()[pri:0, instance:com.contact.ContactTest@47e2e487]" started-at="2024-07-17T14:42:09 IST" name="createContact" finished-at="2024-07-17T14:42:09 IST" duration-ms="18" status="PASS">
          <reporter-output>
          </reporter-output>
        </test-method> <!-- createContact -->
      </class> <!-- com.contact.ContactTest -->
    </test> <!-- Test -->
  </suite> <!-- Suite -->
</testng-results>
