<?xml version="1.0" encoding="UTF-8"?>
<!-- Generated by org.testng.reporters.JUnitXMLReporter -->
<testsuite ignored="3" hostname="DESKTOP-T3H5MLF" failures="0" tests="2" name="Test" time="0.142" errors="0" timestamp="2024-07-17T14:42:09 IST">
  <testcase classname="com.contact.ContactTest" name="createContact" time="0.018"/>
  <testcase classname="com.org.OrgTest" name="createOrg" time="0.003"/>
  <testcase classname="com.contact.ContactTest" name="modifyContact" time="0.0">
    <ignored/>
  </testcase> <!-- modifyContact -->
  <testcase classname="com.org.OrgTest" name="modifyOrg" time="0.0">
    <ignored/>
  </testcase> <!-- modifyOrg -->
  <testcase classname="com.org.OrgTest" name="deleteOrg" time="0.0">
    <ignored/>
  </testcase> <!-- deleteOrg -->
</testsuite> <!-- Test -->
