<?xml version="1.0" encoding="UTF-8"?>
<!-- Generated by org.testng.reporters.JUnitXMLReporter -->
<testsuite ignored="0" hostname="DESKTOP-T3H5MLF" failures="0" tests="4" name="Surefire test" time="0.047" errors="0" timestamp="2024-07-17T13:07:49 IST">
  <testcase classname="com.org.OrgTest" name="createOrg" time="0.005"/>
  <testcase classname="com.org.OrgTest" name="modifyOrg" time="0.0"/>
  <testcase classname="ContactTest" name="createContact" time="0.001"/>
  <testcase classname="ContactTest" name="modifyContact" time="0.0"/>
</testsuite> <!-- Surefire test -->
